<?xml version="1.0" encoding="UTF-8"?>
<coverage generated="1736449763318" clover="3.2.0">
  <project timestamp="1736449763318" name="All files">
    <metrics statements="27" coveredstatements="27" conditionals="7" coveredconditionals="6" methods="4" coveredmethods="4" elements="38" coveredelements="37" complexity="0" loc="27" ncloc="27" packages="3" files="3" classes="3"/>
    <package name="configs">
      <metrics statements="2" coveredstatements="2" conditionals="0" coveredconditionals="0" methods="0" coveredmethods="0"/>
      <file name="serverApi.ts" path="C:\Users\9pyra\Documents\Coding\My Project\work examp\Test Wongnai\frontend-assignment (Peeraphon Singla)\api-gateway\src\configs\serverApi.ts">
        <metrics statements="2" coveredstatements="2" conditionals="0" coveredconditionals="0" methods="0" coveredmethods="0"/>
        <line num="1" count="1" type="stmt"/>
        <line num="3" count="1" type="stmt"/>
      </file>
    </package>
    <package name="controller">
      <metrics statements="18" coveredstatements="18" conditionals="7" coveredconditionals="6" methods="3" coveredmethods="3"/>
      <file name="trips.controller.ts" path="C:\Users\9pyra\Documents\Coding\My Project\work examp\Test Wongnai\frontend-assignment (Peeraphon Singla)\api-gateway\src\controller\trips.controller.ts">
        <metrics statements="18" coveredstatements="18" conditionals="7" coveredconditionals="6" methods="3" coveredmethods="3"/>
        <line num="1" count="2" type="stmt"/>
        <line num="3" count="2" type="stmt"/>
        <line num="5" count="2" type="stmt"/>
        <line num="7" count="2" type="stmt"/>
        <line num="11" count="4" type="stmt"/>
        <line num="12" count="4" type="stmt"/>
        <line num="13" count="4" type="stmt"/>
        <line num="15" count="4" type="stmt"/>
        <line num="16" count="4" type="cond" truecount="0" falsecount="1"/>
        <line num="18" count="3" type="stmt"/>
        <line num="19" count="3" type="cond" truecount="3" falsecount="0"/>
        <line num="20" count="2" type="stmt"/>
        <line num="22" count="2" type="stmt"/>
        <line num="24" count="4" type="cond" truecount="3" falsecount="0"/>
        <line num="30" count="3" type="stmt"/>
        <line num="32" count="1" type="stmt"/>
        <line num="33" count="1" type="stmt"/>
        <line num="36" count="1" type="stmt"/>
      </file>
    </package>
    <package name="routes">
      <metrics statements="7" coveredstatements="7" conditionals="0" coveredconditionals="0" methods="1" coveredmethods="1"/>
      <file name="trips.routes.ts" path="C:\Users\9pyra\Documents\Coding\My Project\work examp\Test Wongnai\frontend-assignment (Peeraphon Singla)\api-gateway\src\routes\trips.routes.ts">
        <metrics statements="7" coveredstatements="7" conditionals="0" coveredconditionals="0" methods="1" coveredmethods="1"/>
        <line num="1" count="1" type="stmt"/>
        <line num="2" count="1" type="stmt"/>
        <line num="3" count="1" type="stmt"/>
        <line num="5" count="1" type="stmt"/>
        <line num="6" count="1" type="stmt"/>
        <line num="8" count="1" type="stmt"/>
        <line num="11" count="1" type="stmt"/>
      </file>
    </package>
  </project>
</coverage>
