{"C:\\Users\\9pyra\\Documents\\Coding\\My Project\\work examp\\Test Wongnai\\frontend-assignment (Peeraphon Singla)\\api-gateway\\src\\configs\\serverApi.ts": {"path":"C:\\Users\\9pyra\\Documents\\Coding\\My Project\\work examp\\Test Wongnai\\frontend-assignment (Peeraphon Singla)\\api-gateway\\src\\configs\\serverApi.ts","statementMap":{"0":{"start":{"line":1,"column":0},"end":{"line":1,"column":25}},"1":{"start":{"line":3,"column":0},"end":{"line":3,"column":null}}},"fnMap":{},"branchMap":{},"s":{"0":1,"1":1},"f":{},"b":{}}
,"C:\\Users\\9pyra\\Documents\\Coding\\My Project\\work examp\\Test Wongnai\\frontend-assignment (Peeraphon Singla)\\api-gateway\\src\\controller\\trips.controller.ts": {"path":"C:\\Users\\9pyra\\Documents\\Coding\\My Project\\work examp\\Test Wongnai\\frontend-assignment (Peeraphon Singla)\\api-gateway\\src\\controller\\trips.controller.ts","statementMap":{"0":{"start":{"line":1,"column":0},"end":{"line":1,"column":41}},"1":{"start":{"line":3,"column":0},"end":{"line":3,"column":33}},"2":{"start":{"line":5,"column":0},"end":{"line":5,"column":47}},"3":{"start":{"line":7,"column":30},"end":{"line":38,"column":null}},"4":{"start":{"line":11,"column":4},"end":{"line":38,"column":null}},"5":{"start":{"line":12,"column":20},"end":{"line":12,"column":23}},"6":{"start":{"line":13,"column":22},"end":{"line":13,"column":27}},"7":{"start":{"line":15,"column":2},"end":{"line":37,"column":3}},"8":{"start":{"line":16,"column":26},"end":{"line":16,"column":67}},"9":{"start":{"line":18,"column":23},"end":{"line":18,"column":27}},"10":{"start":{"line":19,"column":4},"end":{"line":28,"column":5}},"11":{"start":{"line":20,"column":22},"end":{"line":20,"column":46}},"12":{"start":{"line":22,"column":6},"end":{"line":27,"column":null}},"13":{"start":{"line":24,"column":10},"end":{"line":26,"column":37}},"14":{"start":{"line":30,"column":4},"end":{"line":30,"column":null}},"15":{"start":{"line":32,"column":4},"end":{"line":32,"column":null}},"16":{"start":{"line":33,"column":4},"end":{"line":35,"column":null}},"17":{"start":{"line":36,"column":4},"end":{"line":36,"column":null}},"18":{"start":{"line":7,"column":13},"end":{"line":7,"column":30}}},"fnMap":{"0":{"name":"(anonymous_8)","decl":{"start":{"line":7,"column":30},"end":{"line":7,"column":null}},"loc":{"start":{"line":11,"column":4},"end":{"line":38,"column":null}}},"1":{"name":"(anonymous_9)","decl":{"start":{"line":11,"column":4},"end":{"line":11,"column":null}},"loc":{"start":{"line":11,"column":4},"end":{"line":38,"column":1}}},"2":{"name":"(anonymous_10)","decl":{"start":{"line":23,"column":8},"end":{"line":23,"column":9}},"loc":{"start":{"line":24,"column":10},"end":{"line":26,"column":37}}}},"branchMap":{"0":{"loc":{"start":{"line":16,"column":12},"end":{"line":16,"column":21}},"type":"default-arg","locations":[{"start":{"line":16,"column":19},"end":{"line":16,"column":21}}]},"1":{"loc":{"start":{"line":19,"column":4},"end":{"line":28,"column":5}},"type":"if","locations":[{"start":{"line":19,"column":4},"end":{"line":28,"column":5}}]},"2":{"loc":{"start":{"line":19,"column":8},"end":{"line":19,"column":36}},"type":"binary-expr","locations":[{"start":{"line":19,"column":8},"end":{"line":19,"column":15}},{"start":{"line":19,"column":19},"end":{"line":19,"column":36}}]},"3":{"loc":{"start":{"line":24,"column":10},"end":{"line":26,"column":37}},"type":"binary-expr","locations":[{"start":{"line":24,"column":10},"end":{"line":24,"column":34}},{"start":{"line":25,"column":10},"end":{"line":25,"column":40}},{"start":{"line":26,"column":10},"end":{"line":26,"column":37}}]}},"s":{"0":2,"1":2,"2":2,"3":2,"4":4,"5":4,"6":4,"7":4,"8":4,"9":3,"10":3,"11":2,"12":2,"13":4,"14":3,"15":1,"16":1,"17":1,"18":2},"f":{"0":4,"1":4,"2":4},"b":{"0":[0],"1":[2],"2":[3,2],"3":[4,3,3]}}
,"C:\\Users\\9pyra\\Documents\\Coding\\My Project\\work examp\\Test Wongnai\\frontend-assignment (Peeraphon Singla)\\api-gateway\\src\\routes\\trips.routes.ts": {"path":"C:\\Users\\9pyra\\Documents\\Coding\\My Project\\work examp\\Test Wongnai\\frontend-assignment (Peeraphon Singla)\\api-gateway\\src\\routes\\trips.routes.ts","statementMap":{"0":{"start":{"line":1,"column":0},"end":{"line":1,"column":42}},"1":{"start":{"line":2,"column":15},"end":{"line":2,"column":31}},"2":{"start":{"line":3,"column":0},"end":{"line":3,"column":63}},"3":{"start":{"line":5,"column":20},"end":{"line":9,"column":1}},"4":{"start":{"line":6,"column":2},"end":{"line":6,"column":null}},"5":{"start":{"line":8,"column":2},"end":{"line":8,"column":null}},"6":{"start":{"line":11,"column":0},"end":{"line":11,"column":null}}},"fnMap":{"0":{"name":"(anonymous_1)","decl":{"start":{"line":5,"column":20},"end":{"line":5,"column":21}},"loc":{"start":{"line":5,"column":37},"end":{"line":9,"column":1}}}},"branchMap":{},"s":{"0":1,"1":1,"2":1,"3":1,"4":1,"5":1,"6":1},"f":{"0":1},"b":{}}
}
