TN:
SF:src\configs\serverApi.ts
FNF:0
FNH:0
DA:1,1
DA:3,1
LF:2
LH:2
BRF:0
BRH:0
end_of_record
TN:
SF:src\controller\trips.controller.ts
FN:7,(anonymous_8)
FN:11,(anonymous_9)
FN:23,(anonymous_10)
FNF:3
FNH:3
FNDA:4,(anonymous_8)
FNDA:4,(anonymous_9)
FNDA:4,(anonymous_10)
DA:1,2
DA:3,2
DA:5,2
DA:7,2
DA:11,4
DA:12,4
DA:13,4
DA:15,4
DA:16,4
DA:18,3
DA:19,3
DA:20,2
DA:22,2
DA:24,4
DA:30,3
DA:32,1
DA:33,1
DA:36,1
LF:18
LH:18
BRDA:16,0,0,0
BRDA:19,1,0,2
BRDA:19,2,0,3
BRDA:19,2,1,2
BRDA:24,3,0,4
BRDA:24,3,1,3
BRDA:24,3,2,3
BRF:7
BRH:6
end_of_record
TN:
SF:src\routes\trips.routes.ts
FN:5,(anonymous_1)
FNF:1
FNH:1
FNDA:1,(anonymous_1)
DA:1,1
DA:2,1
DA:3,1
DA:5,1
DA:6,1
DA:8,1
DA:11,1
LF:7
LH:7
BRF:0
BRH:0
end_of_record
